<?xml version="1.0" encoding="UTF-8"?>
<!-- Generated by org.testng.reporters.JUnitReportReporter -->
<testsuite hostname="WKWZT3arfufb8jX" failures="0" tests="1" name="com.sapient.FirstClassMaven" time="0.006" errors="0" timestamp="2022-11-30T09:36:38 IST" skipped="0">
  <testcase classname="com.sapient.FirstClassMaven" name="main1" time="0.006"/>
  <system-out/>
</testsuite> <!-- com.sapient.FirstClassMaven -->
